<?xml version="1.0" encoding="UTF-8"?>
<robot generator="Robot 6.0.2 (Python 3.11.1 on win32)" generated="20230323 15:07:47.293" rpa="false" schemaversion="3">
<suite id="s1" name="Finaltest" source="D:\DOJOBOX\Tugas final test web automation\finaltest.robot">
<test id="s1-t1" name="i want to open my account (VALID)" line="101">
<kw name="Open Browser" library="SeleniumLibrary" type="SETUP">
<arg>${openurl}</arg>
<arg>${browsertype}</arg>
<doc>Opens a new browser instance to the optional ``url``.</doc>
<msg timestamp="20230323 15:07:47.410" level="INFO">Opening browser 'edge' to base url 'http://automationpractice.pl/index.php'.</msg>
<status status="PASS" starttime="20230323 15:07:47.409" endtime="20230323 15:07:53.214"/>
</kw>
<kw name="Maximize Browser Window" library="SeleniumLibrary">
<doc>Maximizes current browser window.</doc>
<status status="PASS" starttime="20230323 15:07:53.215" endtime="20230323 15:07:53.337"/>
</kw>
<kw name="Click Element" library="SeleniumLibrary">
<arg>//a[@class="login"]</arg>
<doc>Click the element identified by ``locator``.</doc>
<msg timestamp="20230323 15:07:53.338" level="INFO">Clicking element '//a[@class="login"]'.</msg>
<status status="PASS" starttime="20230323 15:07:53.337" endtime="20230323 15:07:54.203"/>
</kw>
<kw name="Input Text" library="SeleniumLibrary">
<arg>//*[@id="email"]</arg>
<arg>finaltestdumyyy@yopmail.com</arg>
<doc>Types the given ``text`` into the text field identified by ``locator``.</doc>
<msg timestamp="20230323 15:07:54.204" level="INFO">Typing text 'finaltestdumyyy@yopmail.com' into text field '//*[@id="email"]'.</msg>
<status status="PASS" starttime="20230323 15:07:54.203" endtime="20230323 15:07:54.255"/>
</kw>
<kw name="Input Text" library="SeleniumLibrary">
<arg>//*[@id="passwd"]</arg>
<arg>12345</arg>
<doc>Types the given ``text`` into the text field identified by ``locator``.</doc>
<msg timestamp="20230323 15:07:54.255" level="INFO">Typing text '12345' into text field '//*[@id="passwd"]'.</msg>
<status status="PASS" starttime="20230323 15:07:54.255" endtime="20230323 15:07:54.300"/>
</kw>
<kw name="Click Element" library="SeleniumLibrary">
<arg>//*[@id="SubmitLogin"]</arg>
<doc>Click the element identified by ``locator``.</doc>
<msg timestamp="20230323 15:07:54.301" level="INFO">Clicking element '//*[@id="SubmitLogin"]'.</msg>
<status status="PASS" starttime="20230323 15:07:54.300" endtime="20230323 15:07:55.216"/>
</kw>
<kw name="Page Should Contain" library="SeleniumLibrary">
<arg>My account</arg>
<doc>Verifies that current page contains ``text``.</doc>
<msg timestamp="20230323 15:07:55.226" level="INFO">Current page contains text 'My account'.</msg>
<status status="PASS" starttime="20230323 15:07:55.216" endtime="20230323 15:07:55.226"/>
</kw>
<kw name="Click Element" library="SeleniumLibrary">
<arg>//img[@class="logo img-responsive"]</arg>
<doc>Click the element identified by ``locator``.</doc>
<msg timestamp="20230323 15:07:55.227" level="INFO">Clicking element '//img[@class="logo img-responsive"]'.</msg>
<status status="PASS" starttime="20230323 15:07:55.226" endtime="20230323 15:07:55.899"/>
</kw>
<kw name="Click Element" library="SeleniumLibrary">
<arg>//*[@title="View my customer account"]</arg>
<doc>Click the element identified by ``locator``.</doc>
<msg timestamp="20230323 15:07:55.899" level="INFO">Clicking element '//*[@title="View my customer account"]'.</msg>
<status status="PASS" starttime="20230323 15:07:55.899" endtime="20230323 15:07:56.321"/>
</kw>
<kw name="Page Should Contain" library="SeleniumLibrary">
<arg>My account</arg>
<doc>Verifies that current page contains ``text``.</doc>
<msg timestamp="20230323 15:07:56.326" level="INFO">Current page contains text 'My account'.</msg>
<status status="PASS" starttime="20230323 15:07:56.321" endtime="20230323 15:07:56.326"/>
</kw>
<kw name="Close Browser" library="SeleniumLibrary" type="TEARDOWN">
<doc>Closes the current browser.</doc>
<status status="PASS" starttime="20230323 15:07:56.326" endtime="20230323 15:07:58.407"/>
</kw>
<status status="PASS" starttime="20230323 15:07:47.409" endtime="20230323 15:07:58.408"/>
</test>
<test id="s1-t2" name="i want to open contact us (VALID)" line="112">
<kw name="Open Browser" library="SeleniumLibrary" type="SETUP">
<arg>${openurl}</arg>
<arg>${browsertype}</arg>
<doc>Opens a new browser instance to the optional ``url``.</doc>
<msg timestamp="20230323 15:07:58.413" level="INFO">Opening browser 'edge' to base url 'http://automationpractice.pl/index.php'.</msg>
<status status="PASS" starttime="20230323 15:07:58.411" endtime="20230323 15:08:03.838"/>
</kw>
<kw name="Maximize Browser Window" library="SeleniumLibrary">
<doc>Maximizes current browser window.</doc>
<status status="PASS" starttime="20230323 15:08:03.839" endtime="20230323 15:08:03.957"/>
</kw>
<kw name="Click Element" library="SeleniumLibrary">
<arg>//*[@title="Contact us"]</arg>
<doc>Click the element identified by ``locator``.</doc>
<msg timestamp="20230323 15:08:03.958" level="INFO">Clicking element '//*[@title="Contact us"]'.</msg>
<status status="PASS" starttime="20230323 15:08:03.958" endtime="20230323 15:08:04.909"/>
</kw>
<kw name="Element Should Be Visible" library="SeleniumLibrary">
<arg>//*[@class="page-heading bottom-indent"]</arg>
<doc>Verifies that the element identified by ``locator`` is visible.</doc>
<msg timestamp="20230323 15:08:04.955" level="INFO">Element '//*[@class="page-heading bottom-indent"]' is displayed.</msg>
<status status="PASS" starttime="20230323 15:08:04.909" endtime="20230323 15:08:04.955"/>
</kw>
<kw name="Close Browser" library="SeleniumLibrary" type="TEARDOWN">
<doc>Closes the current browser.</doc>
<status status="PASS" starttime="20230323 15:08:04.955" endtime="20230323 15:08:07.043"/>
</kw>
<status status="PASS" starttime="20230323 15:07:58.410" endtime="20230323 15:08:07.044"/>
</test>
<status status="PASS" starttime="20230323 15:07:47.294" endtime="20230323 15:08:07.047"/>
</suite>
<statistics>
<total>
<stat pass="2" fail="0" skip="0">All Tests</stat>
</total>
<tag>
</tag>
<suite>
<stat pass="2" fail="0" skip="0" id="s1" name="Finaltest">Finaltest</stat>
</suite>
</statistics>
<errors>
</errors>
</robot>
